INFO  15:06:11.719 - Starting MemePoliceTgBotApplication on vane-notebook with PID 12248 (C:\Users\user\IdeaProjects\MemePoliceTgBot\target\classes started by user in C:\Users\user\IdeaProjects\MemePoliceTgBot)
INFO  15:06:11.729 - No active profile set, falling back to default profiles: default
INFO  15:06:16.234 - Tomcat initialized with port(s): 8066 (http)
INFO  15:06:16.270 - Initializing ProtocolHandler ["http-nio-8066"]
INFO  15:06:16.271 - Starting service [Tomcat]
INFO  15:06:16.271 - Starting Servlet engine: [Apache Tomcat/9.0.35]
INFO  15:06:16.726 - Initializing Spring embedded WebApplicationContext
INFO  15:06:16.729 - Root WebApplicationContext: initialization completed in 4668 ms
INFO  15:06:19.767 - Request: https://api.vk.com/method/messages.getLongPollServer		901
INFO  15:06:20.071 - Initializing ExecutorService 'applicationTaskExecutor'
INFO  15:06:20.406 - Initializing ExecutorService 'taskScheduler'
INFO  15:06:20.836 - Starting ProtocolHandler ["http-nio-8066"]
INFO  15:06:20.896 - Tomcat started on port(s): 8066 (http) with context path ''
INFO  15:06:20.929 - Started MemePoliceTgBotApplication in 10.851 seconds (JVM running for 12.986)
INFO  15:06:20.985 - Request: https://api.vk.com/method/messages.getLongPollHistory		26
INFO  15:06:21.101 - 0
INFO  15:06:21.132 - Request: https://api.vk.com/method/messages.getLongPollServer		30
INFO  15:06:22.160 - Request: https://api.vk.com/method/messages.getLongPollHistory		25
INFO  15:06:22.160 - 0
INFO  15:06:22.189 - Request: https://api.vk.com/method/messages.getLongPollServer		27
INFO  15:06:23.227 - Request: https://api.vk.com/method/messages.getLongPollHistory		36
INFO  15:06:23.227 - 0
INFO  15:06:23.274 - Request: https://api.vk.com/method/messages.getLongPollServer		46
INFO  15:06:24.314 - Request: https://api.vk.com/method/messages.getLongPollHistory		37
INFO  15:06:24.315 - 0
INFO  15:06:24.341 - Request: https://api.vk.com/method/messages.getLongPollServer		25
INFO  15:06:25.381 - Request: https://api.vk.com/method/messages.getLongPollHistory		38
INFO  15:06:25.381 - 0
INFO  15:06:25.406 - Request: https://api.vk.com/method/messages.getLongPollServer		23
INFO  15:06:26.436 - Request: https://api.vk.com/method/messages.getLongPollHistory		28
INFO  15:06:26.437 - 0
INFO  15:06:26.467 - Request: https://api.vk.com/method/messages.getLongPollServer		30
INFO  15:06:27.496 - Request: https://api.vk.com/method/messages.getLongPollHistory		27
INFO  15:06:27.497 - 0
INFO  15:06:27.524 - Request: https://api.vk.com/method/messages.getLongPollServer		26
INFO  15:06:28.613 - Request: https://api.vk.com/method/messages.getLongPollHistory		87
INFO  15:06:28.614 - 0
INFO  15:06:28.649 - Request: https://api.vk.com/method/messages.getLongPollServer		35
INFO  15:06:29.693 - Request: https://api.vk.com/method/messages.getLongPollHistory		42
INFO  15:06:29.694 - 0
INFO  15:06:29.717 - Request: https://api.vk.com/method/messages.getLongPollServer		23
INFO  15:06:30.745 - Request: https://api.vk.com/method/messages.getLongPollHistory		27
INFO  15:06:30.746 - 0
INFO  15:06:30.790 - Request: https://api.vk.com/method/messages.getLongPollServer		43
INFO  15:06:31.817 - Request: https://api.vk.com/method/messages.getLongPollHistory		24
INFO  15:06:31.817 - 0
INFO  15:06:31.847 - Request: https://api.vk.com/method/messages.getLongPollServer		29
INFO  15:06:32.881 - Request: https://api.vk.com/method/messages.getLongPollHistory		30
INFO  15:06:32.881 - 0
INFO  15:06:32.906 - Request: https://api.vk.com/method/messages.getLongPollServer		25
INFO  15:06:33.947 - Request: https://api.vk.com/method/messages.getLongPollHistory		37
INFO  15:06:33.947 - 0
INFO  15:06:33.975 - Request: https://api.vk.com/method/messages.getLongPollServer		26
INFO  15:06:35.007 - Request: https://api.vk.com/method/messages.getLongPollHistory		30
INFO  15:06:35.007 - 0
INFO  15:06:35.040 - Request: https://api.vk.com/method/messages.getLongPollServer		32
INFO  15:06:36.074 - Request: https://api.vk.com/method/messages.getLongPollHistory		32
INFO  15:06:36.075 - 0
INFO  15:06:36.109 - Request: https://api.vk.com/method/messages.getLongPollServer		33
INFO  15:06:37.136 - Request: https://api.vk.com/method/messages.getLongPollHistory		25
INFO  15:06:37.138 - 0
INFO  15:06:37.168 - Request: https://api.vk.com/method/messages.getLongPollServer		29
INFO  15:06:38.196 - Request: https://api.vk.com/method/messages.getLongPollHistory		26
INFO  15:06:38.197 - 0
INFO  15:06:38.227 - Request: https://api.vk.com/method/messages.getLongPollServer		29
INFO  15:06:39.251 - Request: https://api.vk.com/method/messages.getLongPollHistory		23
INFO  15:06:39.252 - 0
INFO  15:06:39.278 - Request: https://api.vk.com/method/messages.getLongPollServer		26
INFO  15:06:40.301 - Request: https://api.vk.com/method/messages.getLongPollHistory		22
INFO  15:06:40.302 - 0
INFO  15:06:40.329 - Request: https://api.vk.com/method/messages.getLongPollServer		27
INFO  15:06:41.474 - Request: https://api.vk.com/method/messages.getLongPollHistory		144
INFO  15:06:41.475 - 0
INFO  15:06:41.502 - Request: https://api.vk.com/method/messages.getLongPollServer		26
INFO  15:06:42.670 - Request: https://api.vk.com/method/messages.getLongPollHistory		166
INFO  15:06:42.671 - 0
INFO  15:06:42.692 - Request: https://api.vk.com/method/messages.getLongPollServer		20
INFO  15:06:43.725 - Request: https://api.vk.com/method/messages.getLongPollHistory		31
INFO  15:06:43.726 - 0
INFO  15:06:43.808 - Request: https://api.vk.com/method/messages.getLongPollServer		82
INFO  15:06:44.832 - Request: https://api.vk.com/method/messages.getLongPollHistory		23
INFO  15:06:44.833 - 0
INFO  15:06:44.859 - Request: https://api.vk.com/method/messages.getLongPollServer		26
INFO  15:06:45.893 - Request: https://api.vk.com/method/messages.getLongPollHistory		32
INFO  15:06:45.893 - 0
INFO  15:06:45.927 - Request: https://api.vk.com/method/messages.getLongPollServer		33
INFO  15:06:46.958 - Request: https://api.vk.com/method/messages.getLongPollHistory		27
INFO  15:06:46.958 - 0
INFO  15:06:46.985 - Request: https://api.vk.com/method/messages.getLongPollServer		26
INFO  15:06:48.024 - Request: https://api.vk.com/method/messages.getLongPollHistory		37
INFO  15:06:48.025 - 0
INFO  15:06:48.052 - Request: https://api.vk.com/method/messages.getLongPollServer		27
INFO  15:06:49.079 - Request: https://api.vk.com/method/messages.getLongPollHistory		26
INFO  15:06:49.080 - 0
INFO  15:06:49.106 - Request: https://api.vk.com/method/messages.getLongPollServer		26
INFO  15:06:50.135 - Request: https://api.vk.com/method/messages.getLongPollHistory		27
INFO  15:06:50.136 - 0
INFO  15:06:50.170 - Request: https://api.vk.com/method/messages.getLongPollServer		34
INFO  15:06:51.205 - Request: https://api.vk.com/method/messages.getLongPollHistory		33
INFO  15:06:51.206 - 0
INFO  15:06:51.233 - Request: https://api.vk.com/method/messages.getLongPollServer		26
INFO  15:06:52.254 - Request: https://api.vk.com/method/messages.getLongPollHistory		20
INFO  15:06:52.255 - 0
INFO  15:06:52.276 - Request: https://api.vk.com/method/messages.getLongPollServer		21
INFO  15:06:53.305 - Request: https://api.vk.com/method/messages.getLongPollHistory		27
INFO  15:06:53.306 - 0
INFO  15:06:53.345 - Request: https://api.vk.com/method/messages.getLongPollServer		39
INFO  15:06:54.381 - Request: https://api.vk.com/method/messages.getLongPollHistory		34
INFO  15:06:54.382 - 0
INFO  15:06:54.409 - Request: https://api.vk.com/method/messages.getLongPollServer		27
INFO  15:06:55.440 - Request: https://api.vk.com/method/messages.getLongPollHistory		28
INFO  15:06:55.440 - 0
INFO  15:06:55.467 - Request: https://api.vk.com/method/messages.getLongPollServer		26
INFO  15:06:56.491 - Request: https://api.vk.com/method/messages.getLongPollHistory		23
INFO  15:06:56.492 - 0
INFO  15:06:56.533 - Request: https://api.vk.com/method/messages.getLongPollServer		41
INFO  15:06:57.572 - Request: https://api.vk.com/method/messages.getLongPollHistory		37
INFO  15:06:57.573 - 0
INFO  15:06:57.597 - Request: https://api.vk.com/method/messages.getLongPollServer		24
INFO  15:06:58.621 - Request: https://api.vk.com/method/messages.getLongPollHistory		23
INFO  15:06:58.621 - 0
INFO  15:06:58.645 - Request: https://api.vk.com/method/messages.getLongPollServer		23
INFO  15:06:59.678 - Request: https://api.vk.com/method/messages.getLongPollHistory		31
INFO  15:06:59.679 - 0
INFO  15:06:59.720 - Request: https://api.vk.com/method/messages.getLongPollServer		40
INFO  15:07:00.762 - Request: https://api.vk.com/method/messages.getLongPollHistory		39
INFO  15:07:00.762 - 0
INFO  15:07:00.808 - Request: https://api.vk.com/method/messages.getLongPollServer		45
INFO  15:07:01.845 - Request: https://api.vk.com/method/messages.getLongPollHistory		33
INFO  15:07:01.845 - 0
INFO  15:07:01.872 - Request: https://api.vk.com/method/messages.getLongPollServer		26
INFO  15:07:02.898 - Request: https://api.vk.com/method/messages.getLongPollHistory		24
INFO  15:07:02.899 - 0
INFO  15:07:02.937 - Request: https://api.vk.com/method/messages.getLongPollServer		38
INFO  15:07:03.974 - Request: https://api.vk.com/method/messages.getLongPollHistory		34
INFO  15:07:03.974 - 0
INFO  15:07:04.003 - Request: https://api.vk.com/method/messages.getLongPollServer		28
INFO  15:07:05.030 - Request: https://api.vk.com/method/messages.getLongPollHistory		24
INFO  15:07:05.031 - 0
INFO  15:07:05.057 - Request: https://api.vk.com/method/messages.getLongPollServer		26
INFO  15:07:06.086 - Request: https://api.vk.com/method/messages.getLongPollHistory		27
INFO  15:07:06.086 - 0
INFO  15:07:06.109 - Request: https://api.vk.com/method/messages.getLongPollServer		22
INFO  15:07:07.140 - Request: https://api.vk.com/method/messages.getLongPollHistory		29
INFO  15:07:07.141 - 0
INFO  15:07:07.163 - Request: https://api.vk.com/method/messages.getLongPollServer		22
INFO  15:07:08.197 - Request: https://api.vk.com/method/messages.getLongPollHistory		32
INFO  15:07:08.198 - 0
INFO  15:07:08.422 - Request: https://api.vk.com/method/messages.getLongPollServer		224
INFO  15:07:09.450 - Request: https://api.vk.com/method/messages.getLongPollHistory		24
INFO  15:07:09.450 - 0
INFO  15:07:09.482 - Request: https://api.vk.com/method/messages.getLongPollServer		31
INFO  15:07:10.514 - Request: https://api.vk.com/method/messages.getLongPollHistory		30
INFO  15:07:10.515 - 0
INFO  15:07:10.540 - Request: https://api.vk.com/method/messages.getLongPollServer		25
INFO  15:07:11.603 - Request: https://api.vk.com/method/messages.getLongPollHistory		59
INFO  15:07:11.603 - 0
INFO  15:07:11.627 - Request: https://api.vk.com/method/messages.getLongPollServer		22
INFO  15:07:12.652 - Request: https://api.vk.com/method/messages.getLongPollHistory		24
INFO  15:07:12.653 - 0
INFO  15:07:12.678 - Request: https://api.vk.com/method/messages.getLongPollServer		25
INFO  15:07:13.706 - Request: https://api.vk.com/method/messages.getLongPollHistory		26
INFO  15:07:13.707 - 0
INFO  15:07:13.737 - Request: https://api.vk.com/method/messages.getLongPollServer		30
INFO  15:07:14.764 - Request: https://api.vk.com/method/messages.getLongPollHistory		25
INFO  15:07:14.765 - 0
INFO  15:07:14.818 - Request: https://api.vk.com/method/messages.getLongPollServer		53
INFO  15:07:15.850 - Request: https://api.vk.com/method/messages.getLongPollHistory		29
INFO  15:07:15.851 - 0
INFO  15:07:15.876 - Request: https://api.vk.com/method/messages.getLongPollServer		25
INFO  15:07:16.911 - Request: https://api.vk.com/method/messages.getLongPollHistory		32
INFO  15:07:16.912 - 0
INFO  15:07:16.942 - Request: https://api.vk.com/method/messages.getLongPollServer		30
INFO  15:07:17.982 - Request: https://api.vk.com/method/messages.getLongPollHistory		37
INFO  15:07:17.983 - 0
INFO  15:07:18.007 - Request: https://api.vk.com/method/messages.getLongPollServer		24
INFO  15:07:19.032 - Request: https://api.vk.com/method/messages.getLongPollHistory		24
INFO  15:07:19.032 - 0
INFO  15:07:19.056 - Request: https://api.vk.com/method/messages.getLongPollServer		23
INFO  15:07:20.081 - Request: https://api.vk.com/method/messages.getLongPollHistory		23
INFO  15:07:20.082 - 0
INFO  15:07:20.102 - Request: https://api.vk.com/method/messages.getLongPollServer		20
INFO  15:07:21.149 - Request: https://api.vk.com/method/messages.getLongPollHistory		46
INFO  15:07:21.149 - 0
INFO  15:07:21.171 - Request: https://api.vk.com/method/messages.getLongPollServer		22
INFO  15:07:22.248 - Request: https://api.vk.com/method/messages.getLongPollHistory		75
INFO  15:07:22.249 - 0
INFO  15:07:22.290 - Request: https://api.vk.com/method/messages.getLongPollServer		41
INFO  15:07:23.326 - Request: https://api.vk.com/method/messages.getLongPollHistory		33
INFO  15:07:23.326 - 0
INFO  15:07:23.366 - Request: https://api.vk.com/method/messages.getLongPollServer		40
INFO  15:07:24.398 - Request: https://api.vk.com/method/messages.getLongPollHistory		29
INFO  15:07:24.399 - 0
INFO  15:07:24.421 - Request: https://api.vk.com/method/messages.getLongPollServer		22
INFO  15:07:25.454 - Request: https://api.vk.com/method/messages.getLongPollHistory		31
INFO  15:07:25.454 - 0
INFO  15:07:25.480 - Request: https://api.vk.com/method/messages.getLongPollServer		24
INFO  15:07:26.519 - Request: https://api.vk.com/method/messages.getLongPollHistory		37
INFO  15:07:26.520 - 0
INFO  15:07:26.544 - Request: https://api.vk.com/method/messages.getLongPollServer		24
INFO  15:07:27.574 - Request: https://api.vk.com/method/messages.getLongPollHistory		27
INFO  15:07:27.575 - 0
INFO  15:07:27.622 - Request: https://api.vk.com/method/messages.getLongPollServer		47
INFO  15:07:28.649 - Request: https://api.vk.com/method/messages.getLongPollHistory		26
INFO  15:07:28.650 - 0
INFO  15:07:28.684 - Request: https://api.vk.com/method/messages.getLongPollServer		33
INFO  15:07:29.712 - Request: https://api.vk.com/method/messages.getLongPollHistory		25
INFO  15:07:29.712 - 0
INFO  15:07:29.735 - Request: https://api.vk.com/method/messages.getLongPollServer		23
INFO  15:07:30.760 - Request: https://api.vk.com/method/messages.getLongPollHistory		23
INFO  15:07:30.761 - 0
INFO  15:07:30.789 - Request: https://api.vk.com/method/messages.getLongPollServer		27
INFO  15:07:31.819 - Request: https://api.vk.com/method/messages.getLongPollHistory		28
INFO  15:07:31.820 - 0
INFO  15:07:31.846 - Request: https://api.vk.com/method/messages.getLongPollServer		25
INFO  15:07:32.873 - Request: https://api.vk.com/method/messages.getLongPollHistory		24
INFO  15:07:32.874 - 0
INFO  15:07:32.900 - Request: https://api.vk.com/method/messages.getLongPollServer		26
INFO  15:07:33.927 - Request: https://api.vk.com/method/messages.getLongPollHistory		26
INFO  15:07:33.928 - 0
INFO  15:07:33.956 - Request: https://api.vk.com/method/messages.getLongPollServer		28
INFO  15:07:34.986 - Request: https://api.vk.com/method/messages.getLongPollHistory		28
INFO  15:07:34.987 - 0
INFO  15:07:35.016 - Request: https://api.vk.com/method/messages.getLongPollServer		29
INFO  15:07:36.045 - Request: https://api.vk.com/method/messages.getLongPollHistory		28
INFO  15:07:36.045 - 0
INFO  15:07:36.073 - Request: https://api.vk.com/method/messages.getLongPollServer		26
INFO  15:07:37.098 - Request: https://api.vk.com/method/messages.getLongPollHistory		23
INFO  15:07:37.099 - 0
INFO  15:07:37.134 - Request: https://api.vk.com/method/messages.getLongPollServer		35
INFO  15:07:38.228 - Request: https://api.vk.com/method/messages.getLongPollHistory		93
INFO  15:07:38.229 - 0
INFO  15:07:38.251 - Request: https://api.vk.com/method/messages.getLongPollServer		22
INFO  15:07:39.291 - Request: https://api.vk.com/method/messages.getLongPollHistory		38
INFO  15:07:39.292 - 0
INFO  15:07:39.336 - Request: https://api.vk.com/method/messages.getLongPollServer		43
INFO  15:07:40.363 - Request: https://api.vk.com/method/messages.getLongPollHistory		25
INFO  15:07:40.364 - 0
INFO  15:07:40.412 - Request: https://api.vk.com/method/messages.getLongPollServer		48
INFO  15:07:41.449 - Request: https://api.vk.com/method/messages.getLongPollHistory		35
INFO  15:07:41.449 - 0
INFO  15:07:41.479 - Request: https://api.vk.com/method/messages.getLongPollServer		30
INFO  15:07:42.507 - Request: https://api.vk.com/method/messages.getLongPollHistory		26
INFO  15:07:42.517 - 0
INFO  15:07:42.628 - Request: https://api.vk.com/method/messages.getLongPollServer		110
INFO  15:07:43.663 - Request: https://api.vk.com/method/messages.getLongPollHistory		32
INFO  15:07:43.663 - 0
INFO  15:07:43.691 - Request: https://api.vk.com/method/messages.getLongPollServer		28
INFO  15:07:44.724 - Request: https://api.vk.com/method/messages.getLongPollHistory		32
INFO  15:07:44.724 - 0
INFO  15:07:44.776 - Request: https://api.vk.com/method/messages.getLongPollServer		51
INFO  15:07:45.817 - Request: https://api.vk.com/method/messages.getLongPollHistory		39
INFO  15:07:45.818 - 0
INFO  15:07:45.844 - Request: https://api.vk.com/method/messages.getLongPollServer		26
INFO  15:07:46.882 - Request: https://api.vk.com/method/messages.getLongPollHistory		37
INFO  15:07:46.883 - 0
INFO  15:07:46.908 - Request: https://api.vk.com/method/messages.getLongPollServer		24
INFO  15:07:47.948 - Request: https://api.vk.com/method/messages.getLongPollHistory		37
INFO  15:07:47.949 - 0
INFO  15:07:47.976 - Request: https://api.vk.com/method/messages.getLongPollServer		27
INFO  15:07:49.037 - Request: https://api.vk.com/method/messages.getLongPollHistory		58
INFO  15:07:49.038 - 0
INFO  15:07:49.064 - Request: https://api.vk.com/method/messages.getLongPollServer		25
INFO  15:07:50.122 - Request: https://api.vk.com/method/messages.getLongPollHistory		56
INFO  15:07:50.122 - 0
INFO  15:07:50.145 - Request: https://api.vk.com/method/messages.getLongPollServer		22
INFO  15:07:51.176 - Request: https://api.vk.com/method/messages.getLongPollHistory		28
INFO  15:07:51.177 - 0
INFO  15:07:51.203 - Request: https://api.vk.com/method/messages.getLongPollServer		26
INFO  15:07:52.234 - Request: https://api.vk.com/method/messages.getLongPollHistory		29
INFO  15:07:52.235 - 0
INFO  15:07:52.273 - Request: https://api.vk.com/method/messages.getLongPollServer		38
INFO  15:07:53.302 - Request: https://api.vk.com/method/messages.getLongPollHistory		28
INFO  15:07:53.302 - 0
INFO  15:07:53.333 - Request: https://api.vk.com/method/messages.getLongPollServer		30
INFO  15:07:54.360 - Request: https://api.vk.com/method/messages.getLongPollHistory		25
INFO  15:07:54.361 - 0
INFO  15:07:54.386 - Request: https://api.vk.com/method/messages.getLongPollServer		25
INFO  15:07:55.435 - Request: https://api.vk.com/method/messages.getLongPollHistory		47
INFO  15:07:55.435 - 0
INFO  15:07:55.463 - Request: https://api.vk.com/method/messages.getLongPollServer		27
INFO  15:07:56.571 - Request: https://api.vk.com/method/messages.getLongPollHistory		107
INFO  15:07:56.572 - 0
INFO  15:07:56.590 - Request: https://api.vk.com/method/messages.getLongPollServer		18
INFO  15:07:57.616 - Request: https://api.vk.com/method/messages.getLongPollHistory		23
INFO  15:07:57.616 - 0
INFO  15:07:57.641 - Request: https://api.vk.com/method/messages.getLongPollServer		24
INFO  15:07:58.690 - Request: https://api.vk.com/method/messages.getLongPollHistory		47
INFO  15:07:58.691 - 0
INFO  15:07:58.740 - Request: https://api.vk.com/method/messages.getLongPollServer		49
INFO  15:07:59.774 - Request: https://api.vk.com/method/messages.getLongPollHistory		30
INFO  15:07:59.774 - 0
INFO  15:07:59.809 - Request: https://api.vk.com/method/messages.getLongPollServer		34
INFO  15:08:00.887 - Request: https://api.vk.com/method/messages.getLongPollHistory		75
INFO  15:08:00.887 - 0
INFO  15:08:00.946 - Request: https://api.vk.com/method/messages.getLongPollServer		58
INFO  15:08:01.980 - Request: https://api.vk.com/method/messages.getLongPollHistory		32
INFO  15:08:01.981 - 0
INFO  15:08:02.018 - Request: https://api.vk.com/method/messages.getLongPollServer		36
INFO  15:08:03.049 - Request: https://api.vk.com/method/messages.getLongPollHistory		29
INFO  15:08:03.050 - 0
INFO  15:08:03.076 - Request: https://api.vk.com/method/messages.getLongPollServer		25
INFO  15:08:04.103 - Request: https://api.vk.com/method/messages.getLongPollHistory		25
INFO  15:08:04.104 - 0
INFO  15:08:04.141 - Request: https://api.vk.com/method/messages.getLongPollServer		37
INFO  15:08:05.167 - Request: https://api.vk.com/method/messages.getLongPollHistory		23
INFO  15:08:05.168 - 0
INFO  15:08:05.192 - Request: https://api.vk.com/method/messages.getLongPollServer		23
INFO  15:08:06.219 - Request: https://api.vk.com/method/messages.getLongPollHistory		25
INFO  15:08:06.219 - 0
INFO  15:08:06.242 - Request: https://api.vk.com/method/messages.getLongPollServer		23
INFO  15:08:07.274 - Request: https://api.vk.com/method/messages.getLongPollHistory		29
INFO  15:08:07.275 - 0
INFO  15:08:07.335 - Request: https://api.vk.com/method/messages.getLongPollServer		60
INFO  15:08:08.370 - Request: https://api.vk.com/method/messages.getLongPollHistory		33
INFO  15:08:08.371 - 0
INFO  15:08:08.396 - Request: https://api.vk.com/method/messages.getLongPollServer		25
INFO  15:08:09.417 - Request: https://api.vk.com/method/messages.getLongPollHistory		19
INFO  15:08:09.418 - 0
INFO  15:08:09.442 - Request: https://api.vk.com/method/messages.getLongPollServer		24
INFO  15:08:10.549 - Request: https://api.vk.com/method/messages.getLongPollHistory		105
INFO  15:08:10.549 - 0
INFO  15:08:10.573 - Request: https://api.vk.com/method/messages.getLongPollServer		23
INFO  15:08:11.605 - Request: https://api.vk.com/method/messages.getLongPollHistory		31
INFO  15:08:11.606 - 0
INFO  15:08:11.636 - Request: https://api.vk.com/method/messages.getLongPollServer		30
INFO  15:08:12.668 - Request: https://api.vk.com/method/messages.getLongPollHistory		31
INFO  15:08:12.669 - 0
INFO  15:08:12.699 - Request: https://api.vk.com/method/messages.getLongPollServer		30
INFO  15:08:13.726 - Request: https://api.vk.com/method/messages.getLongPollHistory		25
INFO  15:08:13.727 - 0
INFO  15:08:13.820 - Request: https://api.vk.com/method/messages.getLongPollServer		93
INFO  15:08:14.853 - Request: https://api.vk.com/method/messages.getLongPollHistory		31
INFO  15:08:14.854 - 0
INFO  15:08:14.892 - Request: https://api.vk.com/method/messages.getLongPollServer		38
INFO  15:08:15.946 - Request: https://api.vk.com/method/messages.getLongPollHistory		52
INFO  15:08:15.947 - 0
INFO  15:08:15.971 - Request: https://api.vk.com/method/messages.getLongPollServer		24
INFO  15:08:17.003 - Request: https://api.vk.com/method/messages.getLongPollHistory		30
INFO  15:08:17.004 - 0
INFO  15:08:17.033 - Request: https://api.vk.com/method/messages.getLongPollServer		29
INFO  15:08:18.062 - Request: https://api.vk.com/method/messages.getLongPollHistory		25
INFO  15:08:18.062 - 0
INFO  15:08:18.085 - Request: https://api.vk.com/method/messages.getLongPollServer		22
INFO  15:08:19.120 - Request: https://api.vk.com/method/messages.getLongPollHistory		33
INFO  15:08:19.120 - 0
INFO  15:08:19.148 - Request: https://api.vk.com/method/messages.getLongPollServer		27
INFO  15:08:20.186 - Request: https://api.vk.com/method/messages.getLongPollHistory		36
INFO  15:08:20.187 - 0
INFO  15:08:20.220 - Request: https://api.vk.com/method/messages.getLongPollServer		32
INFO  15:08:21.253 - Request: https://api.vk.com/method/messages.getLongPollHistory		31
INFO  15:08:21.254 - 0
INFO  15:08:21.286 - Request: https://api.vk.com/method/messages.getLongPollServer		32
INFO  15:08:22.320 - Request: https://api.vk.com/method/messages.getLongPollHistory		33
INFO  15:08:22.320 - 0
INFO  15:08:22.348 - Request: https://api.vk.com/method/messages.getLongPollServer		27
INFO  15:08:23.384 - Request: https://api.vk.com/method/messages.getLongPollHistory		33
INFO  15:08:23.384 - 0
INFO  15:08:23.452 - Request: https://api.vk.com/method/messages.getLongPollServer		68
INFO  15:08:24.483 - Request: https://api.vk.com/method/messages.getLongPollHistory		29
INFO  15:08:24.484 - 0
INFO  15:08:24.508 - Request: https://api.vk.com/method/messages.getLongPollServer		24
INFO  15:08:25.558 - Request: https://api.vk.com/method/messages.getLongPollHistory		46
INFO  15:08:25.558 - 0
INFO  15:08:25.605 - Request: https://api.vk.com/method/messages.getLongPollServer		46
INFO  15:08:26.649 - Request: https://api.vk.com/method/messages.getLongPollHistory		42
INFO  15:08:26.649 - 0
INFO  15:08:26.679 - Request: https://api.vk.com/method/messages.getLongPollServer		30
INFO  15:08:27.719 - Request: https://api.vk.com/method/messages.getLongPollHistory		39
INFO  15:08:27.719 - 0
INFO  15:08:27.753 - Request: https://api.vk.com/method/messages.getLongPollServer		32
INFO  15:08:28.838 - Request: https://api.vk.com/method/messages.getLongPollHistory		83
INFO  15:08:28.839 - 0
INFO  15:08:28.867 - Request: https://api.vk.com/method/messages.getLongPollServer		28
INFO  15:08:29.892 - Request: https://api.vk.com/method/messages.getLongPollHistory		23
INFO  15:08:29.893 - 0
INFO  15:08:29.919 - Request: https://api.vk.com/method/messages.getLongPollServer		26
INFO  15:08:30.946 - Request: https://api.vk.com/method/messages.getLongPollHistory		24
INFO  15:08:30.946 - 0
INFO  15:08:30.976 - Request: https://api.vk.com/method/messages.getLongPollServer		29
INFO  15:08:32.020 - Request: https://api.vk.com/method/messages.getLongPollHistory		42
INFO  15:08:32.020 - 0
INFO  15:08:32.046 - Request: https://api.vk.com/method/messages.getLongPollServer		24
INFO  15:08:33.074 - Request: https://api.vk.com/method/messages.getLongPollHistory		27
INFO  15:08:33.075 - 0
INFO  15:08:33.103 - Request: https://api.vk.com/method/messages.getLongPollServer		27
INFO  15:08:34.136 - Request: https://api.vk.com/method/messages.getLongPollHistory		30
INFO  15:08:34.137 - 0
INFO  15:08:34.166 - Request: https://api.vk.com/method/messages.getLongPollServer		29
INFO  15:08:35.199 - Request: https://api.vk.com/method/messages.getLongPollHistory		30
INFO  15:08:35.199 - 0
INFO  15:08:35.232 - Request: https://api.vk.com/method/messages.getLongPollServer		33
INFO  15:08:36.268 - Request: https://api.vk.com/method/messages.getLongPollHistory		32
INFO  15:08:36.269 - 0
INFO  15:08:36.301 - Request: https://api.vk.com/method/messages.getLongPollServer		31
INFO  15:08:37.342 - Request: https://api.vk.com/method/messages.getLongPollHistory		40
INFO  15:08:37.343 - 0
INFO  15:08:37.377 - Request: https://api.vk.com/method/messages.getLongPollServer		34
INFO  15:08:38.414 - Request: https://api.vk.com/method/messages.getLongPollHistory		35
INFO  15:08:38.414 - 0
INFO  15:08:38.443 - Request: https://api.vk.com/method/messages.getLongPollServer		29
INFO  15:08:39.478 - Request: https://api.vk.com/method/messages.getLongPollHistory		33
INFO  15:08:39.479 - 0
INFO  15:08:39.556 - Request: https://api.vk.com/method/messages.getLongPollServer		77
INFO  15:08:40.590 - Request: https://api.vk.com/method/messages.getLongPollHistory		32
INFO  15:08:40.590 - 0
INFO  15:08:40.621 - Request: https://api.vk.com/method/messages.getLongPollServer		31
INFO  15:08:41.656 - Request: https://api.vk.com/method/messages.getLongPollHistory		32
INFO  15:08:41.656 - 0
INFO  15:08:41.687 - Request: https://api.vk.com/method/messages.getLongPollServer		30
INFO  15:08:42.713 - Request: https://api.vk.com/method/messages.getLongPollHistory		24
INFO  15:08:42.714 - 0
INFO  15:08:42.736 - Request: https://api.vk.com/method/messages.getLongPollServer		22
INFO  15:08:43.831 - Request: https://api.vk.com/method/messages.getLongPollHistory		92
INFO  15:08:43.832 - 0
INFO  15:08:43.864 - Request: https://api.vk.com/method/messages.getLongPollServer		32
INFO  15:08:44.896 - Request: https://api.vk.com/method/messages.getLongPollHistory		29
INFO  15:08:44.899 - 0
INFO  15:08:44.928 - Request: https://api.vk.com/method/messages.getLongPollServer		29
INFO  15:08:45.952 - Request: https://api.vk.com/method/messages.getLongPollHistory		23
INFO  15:08:45.953 - 0
INFO  15:08:45.986 - Request: https://api.vk.com/method/messages.getLongPollServer		33
INFO  15:08:47.023 - Request: https://api.vk.com/method/messages.getLongPollHistory		34
INFO  15:08:47.023 - 0
INFO  15:08:47.050 - Request: https://api.vk.com/method/messages.getLongPollServer		27
INFO  15:08:48.083 - Request: https://api.vk.com/method/messages.getLongPollHistory		32
INFO  15:08:48.083 - 0
INFO  15:08:48.110 - Request: https://api.vk.com/method/messages.getLongPollServer		25
INFO  15:08:49.141 - Request: https://api.vk.com/method/messages.getLongPollHistory		30
INFO  15:08:49.142 - 0
INFO  15:08:49.171 - Request: https://api.vk.com/method/messages.getLongPollServer		29
INFO  15:08:50.211 - Request: https://api.vk.com/method/messages.getLongPollHistory		37
INFO  15:08:50.211 - 0
INFO  15:08:50.235 - Request: https://api.vk.com/method/messages.getLongPollServer		24
INFO  15:08:51.266 - Request: https://api.vk.com/method/messages.getLongPollHistory		30
INFO  15:08:51.267 - 0
INFO  15:08:51.296 - Request: https://api.vk.com/method/messages.getLongPollServer		28
INFO  15:08:52.347 - Request: https://api.vk.com/method/messages.getLongPollHistory		48
INFO  15:08:52.348 - 1
INFO  15:08:52.375 - Request: https://api.vk.com/method/messages.getLongPollServer		26
ERROR 15:08:52.381 - Unexpected error occurred in scheduled task
java.lang.NullPointerException: null
	at java.base/java.util.Objects.requireNonNull(Objects.java:222)
	at org.telegram.telegrambots.meta.api.methods.send.SendMessage.setChatId(SendMessage.java:75)
	at io.github.vanespb.meme_police_bot.controllers.TelegrammComponent.sendMessage(TelegrammComponent.java:43)
	at io.github.vanespb.meme_police_bot.controllers.VkComponent.lambda$getMessage$0(VkComponent.java:61)
	at java.base/java.util.ArrayList.forEach(ArrayList.java:1511)
	at io.github.vanespb.meme_police_bot.controllers.VkComponent.getMessage(VkComponent.java:61)
	at jdk.internal.reflect.GeneratedMethodAccessor24.invoke(Unknown Source)
	at java.base/jdk.internal.reflect.DelegatingMethodAccessorImpl.invoke(DelegatingMethodAccessorImpl.java:43)
	at java.base/java.lang.reflect.Method.invoke(Method.java:564)
	at org.springframework.scheduling.support.ScheduledMethodRunnable.run(ScheduledMethodRunnable.java:84)
	at org.springframework.scheduling.support.DelegatingErrorHandlingRunnable.run(DelegatingErrorHandlingRunnable.java:54)
	at java.base/java.util.concurrent.Executors$RunnableAdapter.call(Executors.java:515)
	at java.base/java.util.concurrent.FutureTask.runAndReset$$$capture(FutureTask.java:305)
	at java.base/java.util.concurrent.FutureTask.runAndReset(FutureTask.java)
	at java.base/java.util.concurrent.ScheduledThreadPoolExecutor$ScheduledFutureTask.run(ScheduledThreadPoolExecutor.java:305)
	at java.base/java.util.concurrent.ThreadPoolExecutor.runWorker(ThreadPoolExecutor.java:1130)
	at java.base/java.util.concurrent.ThreadPoolExecutor$Worker.run(ThreadPoolExecutor.java:630)
	at java.base/java.lang.Thread.run(Thread.java:832)
INFO  15:08:53.406 - Request: https://api.vk.com/method/messages.getLongPollHistory		23
INFO  15:08:53.407 - 0
INFO  15:08:53.431 - Request: https://api.vk.com/method/messages.getLongPollServer		24
INFO  15:08:54.458 - Request: https://api.vk.com/method/messages.getLongPollHistory		24
INFO  15:08:54.459 - 0
INFO  15:08:54.483 - Request: https://api.vk.com/method/messages.getLongPollServer		24
INFO  15:08:55.515 - Request: https://api.vk.com/method/messages.getLongPollHistory		30
INFO  15:08:55.515 - 0
INFO  15:08:55.608 - Request: https://api.vk.com/method/messages.getLongPollServer		93
INFO  15:08:56.640 - Request: https://api.vk.com/method/messages.getLongPollHistory		30
INFO  15:08:56.640 - 0
INFO  15:08:56.674 - Request: https://api.vk.com/method/messages.getLongPollServer		34
INFO  15:08:57.716 - Request: https://api.vk.com/method/messages.getLongPollHistory		39
INFO  15:08:57.716 - 0
INFO  15:08:57.740 - Request: https://api.vk.com/method/messages.getLongPollServer		24
INFO  15:08:58.774 - Request: https://api.vk.com/method/messages.getLongPollHistory		33
INFO  15:08:58.774 - 0
INFO  15:08:58.798 - Request: https://api.vk.com/method/messages.getLongPollServer		23
INFO  15:08:59.832 - Request: https://api.vk.com/method/messages.getLongPollHistory		31
INFO  15:08:59.832 - 0
INFO  15:08:59.849 - Request: https://api.vk.com/method/messages.getLongPollServer		17
INFO  15:09:00.881 - Request: https://api.vk.com/method/messages.getLongPollHistory		27
INFO  15:09:00.881 - 0
INFO  15:09:00.905 - Request: https://api.vk.com/method/messages.getLongPollServer		23
INFO  15:09:01.937 - Request: https://api.vk.com/method/messages.getLongPollHistory		30
INFO  15:09:01.937 - 0
INFO  15:09:01.971 - Request: https://api.vk.com/method/messages.getLongPollServer		33
INFO  15:09:03.006 - Request: https://api.vk.com/method/messages.getLongPollHistory		32
INFO  15:09:03.008 - 0
INFO  15:09:03.047 - Request: https://api.vk.com/method/messages.getLongPollServer		39
INFO  15:09:04.084 - Request: https://api.vk.com/method/messages.getLongPollHistory		35
INFO  15:09:04.085 - 0
INFO  15:09:04.117 - Request: https://api.vk.com/method/messages.getLongPollServer		31
INFO  15:09:05.140 - Request: https://api.vk.com/method/messages.getLongPollHistory		21
INFO  15:09:05.140 - 0
INFO  15:09:05.175 - Request: https://api.vk.com/method/messages.getLongPollServer		35
INFO  15:09:06.234 - Request: https://api.vk.com/method/messages.getLongPollHistory		56
INFO  15:09:06.234 - 0
INFO  15:09:06.258 - Request: https://api.vk.com/method/messages.getLongPollServer		24
INFO  15:09:07.285 - Request: https://api.vk.com/method/messages.getLongPollHistory		24
INFO  15:09:07.285 - 0
INFO  15:09:07.310 - Request: https://api.vk.com/method/messages.getLongPollServer		25
INFO  15:09:08.343 - Request: https://api.vk.com/method/messages.getLongPollHistory		31
INFO  15:09:08.344 - 0
INFO  15:09:08.366 - Request: https://api.vk.com/method/messages.getLongPollServer		22
INFO  15:09:09.397 - Request: https://api.vk.com/method/messages.getLongPollHistory		29
INFO  15:09:09.397 - 0
INFO  15:09:09.420 - Request: https://api.vk.com/method/messages.getLongPollServer		22
INFO  15:09:10.450 - Request: https://api.vk.com/method/messages.getLongPollHistory		29
INFO  15:09:10.451 - 0
INFO  15:09:10.475 - Request: https://api.vk.com/method/messages.getLongPollServer		24
INFO  15:09:11.511 - Request: https://api.vk.com/method/messages.getLongPollHistory		33
INFO  15:09:11.512 - 0
INFO  15:09:11.534 - Request: https://api.vk.com/method/messages.getLongPollServer		22
INFO  15:09:12.560 - Request: https://api.vk.com/method/messages.getLongPollHistory		25
INFO  15:09:12.561 - 0
INFO  15:09:12.583 - Request: https://api.vk.com/method/messages.getLongPollServer		21
INFO  15:09:13.614 - Request: https://api.vk.com/method/messages.getLongPollHistory		29
INFO  15:09:13.615 - 0
INFO  15:09:13.647 - Request: https://api.vk.com/method/messages.getLongPollServer		32
INFO  15:09:14.703 - Request: https://api.vk.com/method/messages.getLongPollHistory		53
INFO  15:09:14.703 - 0
INFO  15:09:14.726 - Request: https://api.vk.com/method/messages.getLongPollServer		22
INFO  15:09:15.793 - Request: https://api.vk.com/method/messages.getLongPollHistory		64
INFO  15:09:15.793 - 0
INFO  15:09:15.823 - Request: https://api.vk.com/method/messages.getLongPollServer		29
INFO  15:09:16.867 - Request: https://api.vk.com/method/messages.getLongPollHistory		41
INFO  15:09:16.867 - 0
INFO  15:09:16.890 - Request: https://api.vk.com/method/messages.getLongPollServer		23
INFO  15:09:17.929 - Request: https://api.vk.com/method/messages.getLongPollHistory		37
INFO  15:09:17.930 - 0
INFO  15:09:17.954 - Request: https://api.vk.com/method/messages.getLongPollServer		24
INFO  15:09:18.980 - Request: https://api.vk.com/method/messages.getLongPollHistory		24
INFO  15:09:18.981 - 0
INFO  15:09:19.009 - Request: https://api.vk.com/method/messages.getLongPollServer		28
INFO  15:09:20.036 - Request: https://api.vk.com/method/messages.getLongPollHistory		26
INFO  15:09:20.036 - 0
INFO  15:09:20.062 - Request: https://api.vk.com/method/messages.getLongPollServer		25
INFO  15:09:21.097 - Request: https://api.vk.com/method/messages.getLongPollHistory		34
INFO  15:09:21.097 - 0
INFO  15:09:21.123 - Request: https://api.vk.com/method/messages.getLongPollServer		26
INFO  15:09:22.153 - Request: https://api.vk.com/method/messages.getLongPollHistory		29
INFO  15:09:22.154 - 0
INFO  15:09:22.176 - Request: https://api.vk.com/method/messages.getLongPollServer		22
INFO  15:09:23.215 - Request: https://api.vk.com/method/messages.getLongPollHistory		35
INFO  15:09:23.215 - 0
INFO  15:09:23.240 - Request: https://api.vk.com/method/messages.getLongPollServer		24
INFO  15:09:24.272 - Request: https://api.vk.com/method/messages.getLongPollHistory		30
INFO  15:09:24.273 - 0
INFO  15:09:24.308 - Request: https://api.vk.com/method/messages.getLongPollServer		35
INFO  15:09:25.343 - Request: https://api.vk.com/method/messages.getLongPollHistory		33
INFO  15:09:25.344 - 0
INFO  15:09:25.367 - Request: https://api.vk.com/method/messages.getLongPollServer		23
INFO  15:09:26.391 - Request: https://api.vk.com/method/messages.getLongPollHistory		23
INFO  15:09:26.392 - 0
INFO  15:09:26.426 - Request: https://api.vk.com/method/messages.getLongPollServer		34
INFO  15:09:27.493 - Request: https://api.vk.com/method/messages.getLongPollHistory		65
INFO  15:09:27.494 - 0
INFO  15:09:27.609 - Request: https://api.vk.com/method/messages.getLongPollServer		114
INFO  15:09:28.637 - Request: https://api.vk.com/method/messages.getLongPollHistory		26
INFO  15:09:28.637 - 0
INFO  15:09:28.693 - Request: https://api.vk.com/method/messages.getLongPollServer		55
INFO  15:09:29.722 - Request: https://api.vk.com/method/messages.getLongPollHistory		28
INFO  15:09:29.723 - 0
INFO  15:09:29.747 - Request: https://api.vk.com/method/messages.getLongPollServer		24
INFO  15:09:30.772 - Request: https://api.vk.com/method/messages.getLongPollHistory		23
INFO  15:09:30.773 - 0
INFO  15:09:30.807 - Request: https://api.vk.com/method/messages.getLongPollServer		34
INFO  15:09:31.838 - Request: https://api.vk.com/method/messages.getLongPollHistory		30
INFO  15:09:31.838 - 0
INFO  15:09:31.858 - Request: https://api.vk.com/method/messages.getLongPollServer		19
INFO  15:09:32.898 - Request: https://api.vk.com/method/messages.getLongPollHistory		37
INFO  15:09:32.898 - 0
INFO  15:09:32.918 - Request: https://api.vk.com/method/messages.getLongPollServer		19
INFO  15:09:33.943 - Request: https://api.vk.com/method/messages.getLongPollHistory		23
INFO  15:09:33.943 - 0
INFO  15:09:33.968 - Request: https://api.vk.com/method/messages.getLongPollServer		24
INFO  15:09:34.995 - Request: https://api.vk.com/method/messages.getLongPollHistory		25
INFO  15:09:34.996 - 0
INFO  15:09:35.023 - Request: https://api.vk.com/method/messages.getLongPollServer		27
INFO  15:09:36.053 - Request: https://api.vk.com/method/messages.getLongPollHistory		29
INFO  15:09:36.054 - 0
INFO  15:09:36.083 - Request: https://api.vk.com/method/messages.getLongPollServer		28
INFO  15:09:37.109 - Request: https://api.vk.com/method/messages.getLongPollHistory		25
INFO  15:09:37.110 - 0
INFO  15:09:37.133 - Request: https://api.vk.com/method/messages.getLongPollServer		23
INFO  15:09:38.163 - Request: https://api.vk.com/method/messages.getLongPollHistory		28
INFO  15:09:38.164 - 0
INFO  15:09:38.185 - Request: https://api.vk.com/method/messages.getLongPollServer		21
INFO  15:09:39.217 - Request: https://api.vk.com/method/messages.getLongPollHistory		29
INFO  15:09:39.217 - 0
INFO  15:09:39.243 - Request: https://api.vk.com/method/messages.getLongPollServer		24
INFO  15:09:40.288 - Request: https://api.vk.com/method/messages.getLongPollHistory		43
INFO  15:09:40.288 - 0
INFO  15:09:40.309 - Request: https://api.vk.com/method/messages.getLongPollServer		20
INFO  15:09:41.335 - Request: https://api.vk.com/method/messages.getLongPollHistory		25
INFO  15:09:41.336 - 0
INFO  15:09:41.356 - Request: https://api.vk.com/method/messages.getLongPollServer		20
INFO  15:09:42.408 - Request: https://api.vk.com/method/messages.getLongPollHistory		50
INFO  15:09:42.408 - 0
INFO  15:09:42.433 - Request: https://api.vk.com/method/messages.getLongPollServer		25
INFO  15:09:43.457 - Request: https://api.vk.com/method/messages.getLongPollHistory		23
INFO  15:09:43.458 - 0
INFO  15:09:43.482 - Request: https://api.vk.com/method/messages.getLongPollServer		24
INFO  15:09:44.507 - Request: https://api.vk.com/method/messages.getLongPollHistory		24
INFO  15:09:44.508 - 0
INFO  15:09:44.532 - Request: https://api.vk.com/method/messages.getLongPollServer		24
INFO  15:09:45.565 - Request: https://api.vk.com/method/messages.getLongPollHistory		30
INFO  15:09:45.565 - 0
INFO  15:09:45.603 - Request: https://api.vk.com/method/messages.getLongPollServer		37
INFO  15:09:46.641 - Request: https://api.vk.com/method/messages.getLongPollHistory		35
INFO  15:09:46.642 - 0
INFO  15:09:46.668 - Request: https://api.vk.com/method/messages.getLongPollServer		25
INFO  15:09:47.691 - Request: https://api.vk.com/method/messages.getLongPollHistory		22
INFO  15:09:47.691 - 0
INFO  15:09:47.711 - Request: https://api.vk.com/method/messages.getLongPollServer		19
INFO  15:09:48.759 - Request: https://api.vk.com/method/messages.getLongPollHistory		46
INFO  15:09:48.760 - 0
INFO  15:09:48.793 - Request: https://api.vk.com/method/messages.getLongPollServer		32
INFO  15:09:49.772 - Shutting down ExecutorService 'taskScheduler'
INFO  15:09:49.773 - Shutting down ExecutorService 'applicationTaskExecutor'
