INFO  23:42:40.856 - Starting MemePoliceTgBotApplication on vane-notebook with PID 14532 (C:\Users\user\IdeaProjects\MemePoliceTgBot\target\classes started by user in C:\Users\user\IdeaProjects\MemePoliceTgBot)
INFO  23:42:40.950 - No active profile set, falling back to default profiles: default
INFO  23:42:44.977 - Tomcat initialized with port(s): 8066 (http)
INFO  23:42:45.004 - Initializing ProtocolHandler ["http-nio-8066"]
INFO  23:42:45.005 - Starting service [Tomcat]
INFO  23:42:45.005 - Starting Servlet engine: [Apache Tomcat/9.0.35]
INFO  23:42:45.339 - Initializing Spring embedded WebApplicationContext
INFO  23:42:45.339 - Root WebApplicationContext: initialization completed in 4194 ms
INFO  23:42:47.904 - Request: https://api.vk.com/method/messages.getLongPollServer		661
INFO  23:42:48.301 - Initializing ExecutorService 'applicationTaskExecutor'
INFO  23:42:48.662 - Initializing ExecutorService 'taskScheduler'
INFO  23:42:49.206 - Starting ProtocolHandler ["http-nio-8066"]
INFO  23:42:49.534 - Tomcat started on port(s): 8066 (http) with context path ''
INFO  23:42:49.591 - Started MemePoliceTgBotApplication in 10.347 seconds (JVM running for 14.283)
INFO  23:42:49.636 - Request: https://api.vk.com/method/messages.getLongPollHistory		28
INFO  23:42:49.852 - 0
INFO  23:42:49.878 - Request: https://api.vk.com/method/messages.getLongPollServer		26
INFO  23:42:50.934 - Request: https://api.vk.com/method/messages.getLongPollHistory		48
INFO  23:42:50.935 - 0
INFO  23:42:50.961 - Request: https://api.vk.com/method/messages.getLongPollServer		25
INFO  23:42:52.040 - Request: https://api.vk.com/method/messages.getLongPollHistory		35
INFO  23:42:52.041 - 0
INFO  23:42:52.081 - Request: https://api.vk.com/method/messages.getLongPollServer		39
INFO  23:42:53.109 - Request: https://api.vk.com/method/messages.getLongPollHistory		25
INFO  23:42:53.110 - 0
INFO  23:42:53.133 - Request: https://api.vk.com/method/messages.getLongPollServer		23
INFO  23:42:54.155 - Request: https://api.vk.com/method/messages.getLongPollHistory		21
INFO  23:42:54.156 - 0
INFO  23:42:54.191 - Request: https://api.vk.com/method/messages.getLongPollServer		35
INFO  23:42:55.222 - Request: https://api.vk.com/method/messages.getLongPollHistory		28
INFO  23:42:55.222 - 0
INFO  23:42:55.334 - Request: https://api.vk.com/method/messages.getLongPollServer		110
INFO  23:42:56.514 - Request: https://api.vk.com/method/messages.getLongPollHistory		174
INFO  23:42:56.515 - 0
INFO  23:42:56.541 - Request: https://api.vk.com/method/messages.getLongPollServer		26
INFO  23:42:57.571 - Request: https://api.vk.com/method/messages.getLongPollHistory		27
INFO  23:42:57.572 - 0
INFO  23:42:57.608 - Request: https://api.vk.com/method/messages.getLongPollServer		35
INFO  23:42:58.639 - Request: https://api.vk.com/method/messages.getLongPollHistory		29
INFO  23:42:58.640 - 0
INFO  23:42:58.669 - Request: https://api.vk.com/method/messages.getLongPollServer		28
INFO  23:42:59.703 - Request: https://api.vk.com/method/messages.getLongPollHistory		29
INFO  23:42:59.703 - 0
INFO  23:42:59.728 - Request: https://api.vk.com/method/messages.getLongPollServer		24
INFO  23:43:00.763 - Request: https://api.vk.com/method/messages.getLongPollHistory		32
INFO  23:43:00.764 - 0
INFO  23:43:00.838 - Request: https://api.vk.com/method/messages.getLongPollServer		73
INFO  23:43:01.864 - Request: https://api.vk.com/method/messages.getLongPollHistory		23
INFO  23:43:01.865 - 0
INFO  23:43:01.889 - Request: https://api.vk.com/method/messages.getLongPollServer		23
INFO  23:43:02.919 - Request: https://api.vk.com/method/messages.getLongPollHistory		27
INFO  23:43:02.920 - 0
INFO  23:43:02.945 - Request: https://api.vk.com/method/messages.getLongPollServer		24
INFO  23:43:03.971 - Request: https://api.vk.com/method/messages.getLongPollHistory		23
INFO  23:43:03.972 - 0
INFO  23:43:04.000 - Request: https://api.vk.com/method/messages.getLongPollServer		27
INFO  23:43:05.043 - Request: https://api.vk.com/method/messages.getLongPollHistory		41
INFO  23:43:05.044 - 0
INFO  23:43:05.075 - Request: https://api.vk.com/method/messages.getLongPollServer		30
INFO  23:43:06.111 - Request: https://api.vk.com/method/messages.getLongPollHistory		33
INFO  23:43:06.114 - 1
INFO  23:43:06.138 - Request: https://api.vk.com/method/messages.getLongPollServer		22
ERROR 23:43:06.145 - Unexpected error occurred in scheduled task
java.lang.NullPointerException: null
	at java.base/java.util.Objects.requireNonNull(Objects.java:222)
	at org.telegram.telegrambots.meta.api.methods.send.SendMessage.setChatId(SendMessage.java:75)
	at io.github.vanespb.meme_police_bot.controllers.TelegrammComponent.sendMessage(TelegrammComponent.java:43)
	at io.github.vanespb.meme_police_bot.controllers.VkComponent.lambda$getMessage$0(VkComponent.java:60)
	at java.base/java.util.ArrayList.forEach(ArrayList.java:1511)
	at io.github.vanespb.meme_police_bot.controllers.VkComponent.getMessage(VkComponent.java:60)
	at java.base/jdk.internal.reflect.NativeMethodAccessorImpl.invoke0(Native Method)
	at java.base/jdk.internal.reflect.NativeMethodAccessorImpl.invoke(NativeMethodAccessorImpl.java:62)
	at java.base/jdk.internal.reflect.DelegatingMethodAccessorImpl.invoke(DelegatingMethodAccessorImpl.java:43)
	at java.base/java.lang.reflect.Method.invoke(Method.java:564)
	at org.springframework.scheduling.support.ScheduledMethodRunnable.run(ScheduledMethodRunnable.java:84)
	at org.springframework.scheduling.support.DelegatingErrorHandlingRunnable.run(DelegatingErrorHandlingRunnable.java:54)
	at java.base/java.util.concurrent.Executors$RunnableAdapter.call(Executors.java:515)
	at java.base/java.util.concurrent.FutureTask.runAndReset$$$capture(FutureTask.java:305)
	at java.base/java.util.concurrent.FutureTask.runAndReset(FutureTask.java)
	at java.base/java.util.concurrent.ScheduledThreadPoolExecutor$ScheduledFutureTask.run(ScheduledThreadPoolExecutor.java:305)
	at java.base/java.util.concurrent.ThreadPoolExecutor.runWorker(ThreadPoolExecutor.java:1130)
	at java.base/java.util.concurrent.ThreadPoolExecutor$Worker.run(ThreadPoolExecutor.java:630)
	at java.base/java.lang.Thread.run(Thread.java:832)
INFO  23:43:07.173 - Request: https://api.vk.com/method/messages.getLongPollHistory		24
INFO  23:43:07.175 - 0
INFO  23:43:07.201 - Request: https://api.vk.com/method/messages.getLongPollServer		24
INFO  23:43:08.224 - Request: https://api.vk.com/method/messages.getLongPollHistory		20
INFO  23:43:08.225 - 0
INFO  23:43:08.250 - Request: https://api.vk.com/method/messages.getLongPollServer		25
INFO  23:43:08.510 - Shutting down ExecutorService 'taskScheduler'
INFO  23:43:08.514 - Shutting down ExecutorService 'applicationTaskExecutor'
INFO  23:50:05.494 - Starting MemePoliceTgBotApplication on vane-notebook with PID 13524 (C:\Users\user\IdeaProjects\MemePoliceTgBot\target\classes started by user in C:\Users\user\IdeaProjects\MemePoliceTgBot)
INFO  23:50:05.502 - No active profile set, falling back to default profiles: default
INFO  23:50:09.125 - Tomcat initialized with port(s): 8066 (http)
INFO  23:50:09.154 - Initializing ProtocolHandler ["http-nio-8066"]
INFO  23:50:09.156 - Starting service [Tomcat]
INFO  23:50:09.166 - Starting Servlet engine: [Apache Tomcat/9.0.35]
INFO  23:50:09.464 - Initializing Spring embedded WebApplicationContext
INFO  23:50:09.465 - Root WebApplicationContext: initialization completed in 3728 ms
INFO  23:50:11.655 - Request: https://api.vk.com/method/messages.getLongPollServer		641
INFO  23:50:12.031 - Initializing ExecutorService 'applicationTaskExecutor'
INFO  23:50:12.393 - Initializing ExecutorService 'taskScheduler'
INFO  23:50:12.797 - Starting ProtocolHandler ["http-nio-8066"]
INFO  23:50:12.856 - Tomcat started on port(s): 8066 (http) with context path ''
INFO  23:50:12.892 - Started MemePoliceTgBotApplication in 9.182 seconds (JVM running for 11.955)
INFO  23:50:12.950 - Request: https://api.vk.com/method/messages.getConversations		34
INFO  23:50:13.174 - Request: https://api.vk.com/method/messages.getLongPollHistory		27
INFO  23:50:13.180 - 0
INFO  23:50:13.205 - Request: https://api.vk.com/method/messages.getLongPollServer		24
INFO  23:50:14.232 - Request: https://api.vk.com/method/messages.getConversations		24
INFO  23:50:14.258 - Request: https://api.vk.com/method/messages.getLongPollHistory		25
INFO  23:50:14.259 - 0
INFO  23:50:14.281 - Request: https://api.vk.com/method/messages.getLongPollServer		22
INFO  23:50:15.312 - Request: https://api.vk.com/method/messages.getConversations		29
INFO  23:50:15.340 - Request: https://api.vk.com/method/messages.getLongPollHistory		27
INFO  23:50:15.341 - 0
INFO  23:50:15.371 - Request: https://api.vk.com/method/messages.getLongPollServer		30
INFO  23:50:16.409 - Request: https://api.vk.com/method/messages.getConversations		35
INFO  23:50:16.440 - Request: https://api.vk.com/method/messages.getLongPollHistory		30
INFO  23:50:16.441 - 0
INFO  23:50:16.471 - Request: https://api.vk.com/method/messages.getLongPollServer		30
INFO  23:50:17.501 - Request: https://api.vk.com/method/messages.getConversations		25
INFO  23:50:17.526 - Request: https://api.vk.com/method/messages.getLongPollHistory		24
INFO  23:50:17.527 - 0
INFO  23:50:17.548 - Request: https://api.vk.com/method/messages.getLongPollServer		21
INFO  23:50:18.571 - Request: https://api.vk.com/method/messages.getConversations		20
INFO  23:50:18.595 - Request: https://api.vk.com/method/messages.getLongPollHistory		23
INFO  23:50:18.596 - 0
INFO  23:50:18.623 - Request: https://api.vk.com/method/messages.getLongPollServer		27
INFO  23:50:19.662 - Request: https://api.vk.com/method/messages.getConversations		35
INFO  23:50:19.727 - Request: https://api.vk.com/method/messages.getLongPollHistory		64
INFO  23:50:19.728 - 0
INFO  23:50:19.753 - Request: https://api.vk.com/method/messages.getLongPollServer		25
INFO  23:50:20.787 - Request: https://api.vk.com/method/messages.getConversations		31
INFO  23:50:20.817 - Request: https://api.vk.com/method/messages.getLongPollHistory		29
INFO  23:50:20.817 - 0
INFO  23:50:20.844 - Request: https://api.vk.com/method/messages.getLongPollServer		26
INFO  23:50:21.871 - Request: https://api.vk.com/method/messages.getConversations		24
INFO  23:50:21.897 - Request: https://api.vk.com/method/messages.getLongPollHistory		24
INFO  23:50:21.898 - 0
INFO  23:50:21.931 - Request: https://api.vk.com/method/messages.getLongPollServer		32
INFO  23:50:22.985 - Request: https://api.vk.com/method/messages.getConversations		51
INFO  23:50:23.019 - Request: https://api.vk.com/method/messages.getLongPollHistory		32
INFO  23:50:23.020 - 0
INFO  23:50:23.046 - Request: https://api.vk.com/method/messages.getLongPollServer		25
INFO  23:50:24.083 - Request: https://api.vk.com/method/messages.getConversations		35
INFO  23:50:24.112 - Request: https://api.vk.com/method/messages.getLongPollHistory		27
INFO  23:50:24.112 - 0
INFO  23:50:24.135 - Request: https://api.vk.com/method/messages.getLongPollServer		21
INFO  23:50:25.162 - Request: https://api.vk.com/method/messages.getConversations		26
INFO  23:50:25.182 - Request: https://api.vk.com/method/messages.getLongPollHistory		19
INFO  23:50:25.183 - 0
INFO  23:50:25.212 - Request: https://api.vk.com/method/messages.getLongPollServer		28
INFO  23:50:26.256 - Request: https://api.vk.com/method/messages.getConversations		41
INFO  23:50:26.280 - Request: https://api.vk.com/method/messages.getLongPollHistory		23
INFO  23:50:26.281 - 0
INFO  23:50:26.305 - Request: https://api.vk.com/method/messages.getLongPollServer		23
INFO  23:50:27.332 - Request: https://api.vk.com/method/messages.getConversations		26
INFO  23:50:27.356 - Request: https://api.vk.com/method/messages.getLongPollHistory		22
INFO  23:50:27.356 - 0
INFO  23:50:27.380 - Request: https://api.vk.com/method/messages.getLongPollServer		22
INFO  23:50:28.411 - Request: https://api.vk.com/method/messages.getConversations		29
INFO  23:50:28.438 - Request: https://api.vk.com/method/messages.getLongPollHistory		26
INFO  23:50:28.439 - 0
INFO  23:50:28.456 - Request: https://api.vk.com/method/messages.getLongPollServer		16
INFO  23:50:29.501 - Request: https://api.vk.com/method/messages.getConversations		42
INFO  23:50:29.529 - Request: https://api.vk.com/method/messages.getLongPollHistory		24
INFO  23:50:29.530 - 0
INFO  23:50:29.558 - Request: https://api.vk.com/method/messages.getLongPollServer		27
INFO  23:50:30.584 - Request: https://api.vk.com/method/messages.getConversations		24
INFO  23:50:30.631 - Request: https://api.vk.com/method/messages.getLongPollHistory		45
INFO  23:50:30.631 - 0
INFO  23:50:30.661 - Request: https://api.vk.com/method/messages.getLongPollServer		29
INFO  23:50:31.690 - Request: https://api.vk.com/method/messages.getConversations		28
INFO  23:50:31.713 - Request: https://api.vk.com/method/messages.getLongPollHistory		22
INFO  23:50:31.713 - 0
INFO  23:50:31.741 - Request: https://api.vk.com/method/messages.getLongPollServer		27
INFO  23:50:32.772 - Request: https://api.vk.com/method/messages.getConversations		28
INFO  23:50:32.798 - Request: https://api.vk.com/method/messages.getLongPollHistory		25
INFO  23:50:32.798 - 0
INFO  23:50:32.834 - Request: https://api.vk.com/method/messages.getLongPollServer		35
INFO  23:50:33.869 - Request: https://api.vk.com/method/messages.getConversations		33
INFO  23:50:33.898 - Request: https://api.vk.com/method/messages.getLongPollHistory		27
INFO  23:50:33.898 - 0
INFO  23:50:33.927 - Request: https://api.vk.com/method/messages.getLongPollServer		27
INFO  23:50:34.949 - Request: https://api.vk.com/method/messages.getConversations		19
INFO  23:50:34.974 - Request: https://api.vk.com/method/messages.getLongPollHistory		24
INFO  23:50:34.975 - 0
INFO  23:50:35.000 - Request: https://api.vk.com/method/messages.getLongPollServer		25
INFO  23:50:36.029 - Request: https://api.vk.com/method/messages.getConversations		26
